<?xml version="1.0" encoding="UTF-8"?>
<!-- Generated by org.testng.reporters.JUnitReportReporter -->
<testsuite skipped="0" hostname="MIBLR-LP0015" name="com.adjudication.test.viewclaims.ffsprofessional.approved.ApprovedToPrebatchFromFFSProTest" tests="1" failures="0" timestamp="2021-04-07T16:10:59 IST" time="46.441" errors="0">
  <testcase name="tryToMovePrebatchPayFromApprovedFromFFSPro" time="46.441" classname="com.adjudication.test.viewclaims.ffsprofessional.approved.ApprovedToPrebatchFromFFSProTest"/>
  <system-out/>
</testsuite> <!-- com.adjudication.test.viewclaims.ffsprofessional.approved.ApprovedToPrebatchFromFFSProTest -->
