<?xml version="1.0" encoding="UTF-8"?>
<!-- Generated by org.testng.reporters.JUnitReportReporter -->
<testsuite skipped="0" hostname="MIBLR-LP0015" name="com.adjudication.test.viewclaims.ffsprofessional.prebatch.PreBatchToPayerReviewFromFFSPro" tests="1" failures="1" timestamp="2021-04-15T23:05:58 IST" time="114.191" errors="0">
  <testcase name="moveToApprovedFromPrebatchPositiveTC" time="114.191" classname="com.adjudication.test.viewclaims.ffsprofessional.prebatch.PreBatchToPayerReviewFromFFSPro">
    <failure type="java.lang.AssertionError" message="Expected condition failed: waiting for visibility of Proxy element for: DefaultElementLocator &#039;by id or name &quot;viewIcon&quot;&#039; (tried for 60 second(s) with 500 milliseconds interval)">
      <![CDATA[java.lang.AssertionError: Expected condition failed: waiting for visibility of Proxy element for: DefaultElementLocator 'by id or name "viewIcon"' (tried for 60 second(s) with 500 milliseconds interval)
at org.testng.Assert.fail(Assert.java:99)
at com.adjudication.test.viewclaims.ffsprofessional.prebatch.PreBatchToPayerReviewFromFFSPro.moveToApprovedFromPrebatchPositiveTC(PreBatchToPayerReviewFromFFSPro.java:106)
at sun.reflect.NativeMethodAccessorImpl.invoke0(Native Method)
at sun.reflect.NativeMethodAccessorImpl.invoke(NativeMethodAccessorImpl.java:62)
at sun.reflect.DelegatingMethodAccessorImpl.invoke(DelegatingMethodAccessorImpl.java:43)
at java.lang.reflect.Method.invoke(Method.java:498)
at org.testng.internal.MethodInvocationHelper.invokeMethod(MethodInvocationHelper.java:132)
at org.testng.internal.TestInvoker.invokeMethod(TestInvoker.java:599)
at org.testng.internal.TestInvoker.invokeTestMethod(TestInvoker.java:174)
at org.testng.internal.MethodRunner.runInSequence(MethodRunner.java:46)
at org.testng.internal.TestInvoker$MethodInvocationAgent.invoke(TestInvoker.java:822)
at org.testng.internal.TestInvoker.invokeTestMethods(TestInvoker.java:147)
at org.testng.internal.TestMethodWorker.invokeTestMethods(TestMethodWorker.java:146)
at org.testng.internal.TestMethodWorker.run(TestMethodWorker.java:128)
at java.util.concurrent.ThreadPoolExecutor.runWorker(ThreadPoolExecutor.java:1149)
at java.util.concurrent.ThreadPoolExecutor$Worker.run(ThreadPoolExecutor.java:624)
at java.lang.Thread.run(Thread.java:748)
]]>
    </failure>
  </testcase> <!-- moveToApprovedFromPrebatchPositiveTC -->
  <system-out/>
</testsuite> <!-- com.adjudication.test.viewclaims.ffsprofessional.prebatch.PreBatchToPayerReviewFromFFSPro -->
