<?xml version="1.0" encoding="UTF-8"?>
<!-- Generated by org.testng.reporters.JUnitReportReporter -->
<testsuite skipped="0" hostname="MIBLR-LP0015" name="com.adjudication.test.viewclaims.ffsinstitutional.pend.ViewClaimsFromFFSInstiPend" tests="3" failures="0" timestamp="2021-03-25T13:56:26 IST" time="159.250" errors="0">
  <testcase name="checkPRInServiceDetailFromFFSInsti" time="95.529" classname="com.adjudication.test.viewclaims.ffsinstitutional.pend.ViewClaimsFromFFSInstiPend"/>
  <system-out/>
  <testcase name="moveToApproveFromFFSInstiPendNegTC" time="34.708" classname="com.adjudication.test.viewclaims.ffsinstitutional.pend.ViewClaimsFromFFSInstiPend"/>
  <system-out/>
  <testcase name="moveToDenyFromFFSInstiPendNegTC" time="29.013" classname="com.adjudication.test.viewclaims.ffsinstitutional.pend.ViewClaimsFromFFSInstiPend"/>
  <system-out/>
</testsuite> <!-- com.adjudication.test.viewclaims.ffsinstitutional.pend.ViewClaimsFromFFSInstiPend -->
