<?xml version="1.0" encoding="UTF-8"?>
<!-- Generated by org.testng.reporters.JUnitReportReporter -->
<testsuite skipped="0" hostname="MIBLR-LP0015" name="com.adjudication.test.viewclaims.dental.pend.ViewClaimsFromDentalApproved" tests="4" failures="0" timestamp="2021-03-26T19:51:25 IST" time="172.274" errors="0">
  <testcase name="SaveValiForApporvedStatusFromDentalPendNegTC" time="41.933" classname="com.adjudication.test.viewclaims.dental.pend.ViewClaimsFromDentalApproved"/>
  <system-out/>
  <testcase name="SaveValiForDenyStatusFromDentalPendNegTC" time="36.166" classname="com.adjudication.test.viewclaims.dental.pend.ViewClaimsFromDentalApproved"/>
  <system-out/>
  <testcase name="moveToDenyFromDentalPendNegTC" time="39.130" classname="com.adjudication.test.viewclaims.dental.pend.ViewClaimsFromDentalApproved"/>
  <system-out/>
  <testcase name="moveToApproveFromDentalPendNegTC" time="55.045" classname="com.adjudication.test.viewclaims.dental.pend.ViewClaimsFromDentalApproved"/>
  <system-out/>
</testsuite> <!-- com.adjudication.test.viewclaims.dental.pend.ViewClaimsFromDentalApproved -->
