<?xml version="1.0" encoding="UTF-8"?>
<!-- Generated by org.testng.reporters.JUnitReportReporter -->
<testsuite skipped="0" hostname="MIBLR-LP0015" name="com.adjudication.test.viewclaims.ffsprofessional.approved.ApprovedToPrebatchTest" tests="1" failures="0" timestamp="2021-03-22T15:55:31 IST" time="41.296" errors="0">
  <testcase name="tryToMovePrebatchFromApprovedFromFFSPro" time="41.296" classname="com.adjudication.test.viewclaims.ffsprofessional.approved.ApprovedToPrebatchTest"/>
  <system-out/>
</testsuite> <!-- com.adjudication.test.viewclaims.ffsprofessional.approved.ApprovedToPrebatchTest -->
