<?xml version="1.0" encoding="UTF-8"?>
<!-- Generated by org.testng.reporters.JUnitReportReporter -->
<testsuite skipped="0" hostname="MIBLR-LP0015" name="com.clamislite.test.home.HomePageTest" tests="1" failures="0" timestamp="2021-03-04T15:52:19 IST" time="34.642" errors="0">
  <testcase name="navigateToClaimsLite" time="34.642" classname="com.clamislite.test.home.HomePageTest"/>
  <system-out/>
</testsuite> <!-- com.clamislite.test.home.HomePageTest -->
