<?xml version="1.0" encoding="UTF-8"?>
<!-- Generated by org.testng.reporters.JUnitReportReporter -->
<testsuite skipped="0" hostname="MIBLR-LP0015" name="com.adjudication.test.viewclaims.ffsprofessional.pend.ViewClaimsFromFFSProPend" tests="1" failures="0" timestamp="2021-03-25T21:43:36 IST" time="147.483" errors="0">
  <testcase name="checkPRInServiceDetailFromFFSPro" time="147.483" classname="com.adjudication.test.viewclaims.ffsprofessional.pend.ViewClaimsFromFFSProPend"/>
  <system-out/>
</testsuite> <!-- com.adjudication.test.viewclaims.ffsprofessional.pend.ViewClaimsFromFFSProPend -->
