<?xml version="1.0" encoding="UTF-8"?>
<!-- Generated by org.testng.reporters.JUnitReportReporter -->
<testsuite skipped="0" hostname="MIBLR-LP0015" name="com.adjudication.test.viewclaims.ffsinstitutional.batchtopay.MoveToEFTPaymentFromFFSInsti" tests="1" failures="0" timestamp="2021-04-07T15:22:40 IST" time="29.666" errors="0">
  <testcase name="moveToEFTPaymentFromBatchToPay" time="29.666" classname="com.adjudication.test.viewclaims.ffsinstitutional.batchtopay.MoveToEFTPaymentFromFFSInsti"/>
  <system-out/>
</testsuite> <!-- com.adjudication.test.viewclaims.ffsinstitutional.batchtopay.MoveToEFTPaymentFromFFSInsti -->
