<?xml version="1.0" encoding="UTF-8"?>
<!-- Generated by org.testng.reporters.JUnitReportReporter -->
<testsuite skipped="0" hostname="MIBLR-LP0015" name="com.adjudication.test.viewclaims.capprofessional.prebatch.PreBatchToPayerReviewFromCAPPro" tests="1" failures="0" timestamp="2021-04-12T08:33:12 IST" time="52.993" errors="0">
  <testcase name="moveToApprovedFromPrebatchPositiveTC" time="52.993" classname="com.adjudication.test.viewclaims.capprofessional.prebatch.PreBatchToPayerReviewFromCAPPro"/>
  <system-out/>
</testsuite> <!-- com.adjudication.test.viewclaims.capprofessional.prebatch.PreBatchToPayerReviewFromCAPPro -->
