<?xml version="1.0" encoding="UTF-8"?>
<!-- Generated by org.testng.reporters.JUnitReportReporter -->
<testsuite skipped="0" hostname="MIBLR-LP0015" name="com.adjudication.test.viewclaims.capprofessional.prebatch.PreBatchToApprovedFromCAPPro" tests="2" failures="0" timestamp="2021-04-06T19:02:21 IST" time="52.806" errors="0">
  <testcase name="moveToApprovedFromPrebatchNegTC" time="28.794" classname="com.adjudication.test.viewclaims.capprofessional.prebatch.PreBatchToApprovedFromCAPPro"/>
  <system-out/>
  <testcase name="moveToApprovedFromPrebatchPositiveTC" time="24.012" classname="com.adjudication.test.viewclaims.capprofessional.prebatch.PreBatchToApprovedFromCAPPro"/>
  <system-out/>
</testsuite> <!-- com.adjudication.test.viewclaims.capprofessional.prebatch.PreBatchToApprovedFromCAPPro -->
