<?xml version="1.0" encoding="UTF-8"?>
<!-- Generated by org.testng.reporters.JUnitReportReporter -->
<testsuite skipped="0" hostname="MIBLR-LP0015" name="com.adjudication.test.viewclaims.dental.pend.ViewClaimsFromDentalPendDeny" tests="2" failures="0" timestamp="2021-03-26T19:51:25 IST" time="82.390" errors="0">
  <testcase name="moveToApproveFromDentalPendNegTC" time="36.171" classname="com.adjudication.test.viewclaims.dental.pend.ViewClaimsFromDentalPendDeny"/>
  <system-out/>
  <testcase name="moveToDenyFromFFSInstiPendPositiveTC" time="46.219" classname="com.adjudication.test.viewclaims.dental.pend.ViewClaimsFromDentalPendDeny"/>
  <system-out/>
</testsuite> <!-- com.adjudication.test.viewclaims.dental.pend.ViewClaimsFromDentalPendDeny -->
