<?xml version="1.0" encoding="UTF-8"?>
<!-- Generated by org.testng.reporters.JUnitReportReporter -->
<testsuite skipped="0" hostname="MIBLR-LP0015" name="com.adjudication.test.viewclaims.dental.pend.ViewClaimsFromDentalPend" tests="3" failures="0" timestamp="2021-03-26T19:51:24 IST" time="159.916" errors="0">
  <testcase name="moveToApproveFromDentalPendNegTC" time="35.284" classname="com.adjudication.test.viewclaims.dental.pend.ViewClaimsFromDentalPend"/>
  <system-out/>
  <testcase name="moveToDenyFromFFSInstiPendPositiveTC" time="34.669" classname="com.adjudication.test.viewclaims.dental.pend.ViewClaimsFromDentalPend"/>
  <system-out/>
  <testcase name="checkPRInServiceDetailFromDental" time="89.963" classname="com.adjudication.test.viewclaims.dental.pend.ViewClaimsFromDentalPend"/>
  <system-out/>
</testsuite> <!-- com.adjudication.test.viewclaims.dental.pend.ViewClaimsFromDentalPend -->
