<?xml version="1.0" encoding="UTF-8"?>
<!-- Generated by org.testng.reporters.JUnitReportReporter -->
<testsuite skipped="0" hostname="MIBLR-LP0015" name="com.adjudication.test.viewclaims.capinstitutional.prebatch.PreBatchToPayFromCAPInsti" tests="1" failures="0" timestamp="2021-04-07T12:39:54 IST" time="30.941" errors="0">
  <testcase name="movePrebatchToPay" time="30.941" classname="com.adjudication.test.viewclaims.capinstitutional.prebatch.PreBatchToPayFromCAPInsti"/>
  <system-out/>
</testsuite> <!-- com.adjudication.test.viewclaims.capinstitutional.prebatch.PreBatchToPayFromCAPInsti -->
