<?xml version="1.0" encoding="UTF-8"?>
<!-- Generated by org.testng.reporters.JUnitReportReporter -->
<testsuite skipped="0" hostname="MIBLR-LP0015" name="com.adjudication.test.login.LoginTest" tests="6" failures="0" timestamp="2021-03-04T22:18:11 IST" time="133.553" errors="0">
  <testcase name="loginWithInvalidCred" time="14.548" classname="com.adjudication.test.login.LoginTest"/>
  <system-out/>
  <testcase name="loginWithValidCred" time="35.685" classname="com.adjudication.test.login.LoginTest"/>
  <system-out/>
  <testcase name="loginWithOutUsername" time="22.710" classname="com.adjudication.test.login.LoginTest"/>
  <system-out/>
  <testcase name="loginWithEmptyFields" time="27.817" classname="com.adjudication.test.login.LoginTest"/>
  <system-out/>
  <testcase name="loginWithOutPassword" time="15.137" classname="com.adjudication.test.login.LoginTest"/>
  <system-out/>
  <testcase name="loginWithIncorrectEmailAdd" time="17.656" classname="com.adjudication.test.login.LoginTest"/>
  <system-out/>
</testsuite> <!-- com.adjudication.test.login.LoginTest -->
