<?xml version="1.0" encoding="UTF-8"?>
<!-- Generated by org.testng.reporters.JUnitReportReporter -->
<testsuite skipped="0" hostname="MIBLR-LP0015" name="com.adjudication.test.viewclaims.capinstitutional.prebatch.PreBatchToDeniedFromCAPInsti" tests="1" failures="0" timestamp="2021-04-07T11:50:05 IST" time="32.664" errors="0">
  <testcase name="moveToDenyFromPrebatchPositiveTC" time="32.664" classname="com.adjudication.test.viewclaims.capinstitutional.prebatch.PreBatchToDeniedFromCAPInsti"/>
  <system-out/>
</testsuite> <!-- com.adjudication.test.viewclaims.capinstitutional.prebatch.PreBatchToDeniedFromCAPInsti -->
