<?xml version="1.0" encoding="UTF-8"?>
<!-- Generated by org.testng.reporters.JUnitReportReporter -->
<testsuite skipped="0" hostname="MIBLR-LP0015" name="com.adjudication.test.globalsearch.GridSearchTest" tests="1" failures="0" timestamp="2021-03-05T22:31:06 IST" time="161.405" errors="0">
  <testcase name="gridSearchInGlobalSearch" time="161.405" classname="com.adjudication.test.globalsearch.GridSearchTest"/>
  <system-out/>
</testsuite> <!-- com.adjudication.test.globalsearch.GridSearchTest -->
