<?xml version="1.0" encoding="UTF-8"?>
<!-- Generated by org.testng.reporters.JUnitReportReporter -->
<testsuite skipped="0" hostname="MIBLR-LP0015" name="com.adjudication.test.viewclaims.capprofessional.batchtopay.MoveToEFTPaymentDeniedClaimsFromCAPPro" tests="1" failures="0" timestamp="2021-04-06T12:44:43 IST" time="42.645" errors="0">
  <testcase name="moveToPaidFromEFTPaymentCAPPro" time="42.645" classname="com.adjudication.test.viewclaims.capprofessional.batchtopay.MoveToEFTPaymentDeniedClaimsFromCAPPro"/>
  <system-out/>
</testsuite> <!-- com.adjudication.test.viewclaims.capprofessional.batchtopay.MoveToEFTPaymentDeniedClaimsFromCAPPro -->
