<?xml version="1.0" encoding="UTF-8"?>
<!-- Generated by org.testng.reporters.JUnitReportReporter -->
<testsuite skipped="0" hostname="MIBLR-LP0015" name="com.adjudication.test.viewclaims.dental.batchtopay.MoveToSignedOffFromCAPInsti" tests="2" failures="0" timestamp="2021-04-05T16:08:18 IST" time="82.869" errors="0">
  <testcase name="moveToSignedOffFromBatchToPay" time="32.023" classname="com.adjudication.test.viewclaims.dental.batchtopay.MoveToSignedOffFromCAPInsti"/>
  <system-out/>
  <testcase name="moveToSentForPaymentFromSignedOffFFSPro" time="50.846" classname="com.adjudication.test.viewclaims.dental.batchtopay.MoveToSignedOffFromCAPInsti"/>
  <system-out/>
</testsuite> <!-- com.adjudication.test.viewclaims.dental.batchtopay.MoveToSignedOffFromCAPInsti -->
