<?xml version="1.0" encoding="UTF-8"?>
<!-- Generated by org.testng.reporters.JUnitReportReporter -->
<testsuite skipped="2" hostname="MIBLR-LP0015" name="com.adjudication.test.viewclaims.capprofessional.batchtopay.MoveToSignedOffFromCAPPro" tests="6" failures="0" timestamp="2021-04-15T22:25:46 IST" time="0.498" errors="4">
  <testcase name="tearDown" time="0.001" classname="com.adjudication.test.viewclaims.capprofessional.batchtopay.MoveToSignedOffFromCAPPro">
    <error type="java.lang.NullPointerException">
      <![CDATA[java.lang.NullPointerException
at com.adjudication.base.TestBase.tearDown(TestBase.java:62)
at sun.reflect.NativeMethodAccessorImpl.invoke0(Native Method)
at sun.reflect.NativeMethodAccessorImpl.invoke(NativeMethodAccessorImpl.java:62)
at sun.reflect.DelegatingMethodAccessorImpl.invoke(DelegatingMethodAccessorImpl.java:43)
at java.lang.reflect.Method.invoke(Method.java:498)
at org.testng.internal.MethodInvocationHelper.invokeMethod(MethodInvocationHelper.java:132)
at org.testng.internal.MethodInvocationHelper.invokeMethodConsideringTimeout(MethodInvocationHelper.java:61)
at org.testng.internal.ConfigInvoker.invokeConfigurationMethod(ConfigInvoker.java:366)
at org.testng.internal.ConfigInvoker.invokeConfigurations(ConfigInvoker.java:320)
at org.testng.internal.TestInvoker.runConfigMethods(TestInvoker.java:701)
at org.testng.internal.TestInvoker.runAfterGroupsConfigurations(TestInvoker.java:677)
at org.testng.internal.TestInvoker.invokeMethod(TestInvoker.java:548)
at org.testng.internal.TestInvoker.invokeTestMethod(TestInvoker.java:174)
at org.testng.internal.MethodRunner.runInSequence(MethodRunner.java:46)
at org.testng.internal.TestInvoker$MethodInvocationAgent.invoke(TestInvoker.java:822)
at org.testng.internal.TestInvoker.invokeTestMethods(TestInvoker.java:147)
at org.testng.internal.TestMethodWorker.invokeTestMethods(TestMethodWorker.java:146)
at org.testng.internal.TestMethodWorker.run(TestMethodWorker.java:128)
at java.util.concurrent.ThreadPoolExecutor.runWorker(ThreadPoolExecutor.java:1149)
at java.util.concurrent.ThreadPoolExecutor$Worker.run(ThreadPoolExecutor.java:624)
at java.lang.Thread.run(Thread.java:748)
]]>
    </error>
  </testcase> <!-- tearDown -->
  <system-out/>
  <testcase name="setUp" time="0.248" classname="com.adjudication.test.viewclaims.capprofessional.batchtopay.MoveToSignedOffFromCAPPro">
    <error type="java.lang.NullPointerException">
      <![CDATA[java.lang.NullPointerException
at com.adjudication.utils.MyLogger.logError(MyLogger.java:31)
at com.adjudication.test.viewclaims.capprofessional.batchtopay.MoveToSignedOffFromCAPPro.setUp(MoveToSignedOffFromCAPPro.java:66)
at sun.reflect.NativeMethodAccessorImpl.invoke0(Native Method)
at sun.reflect.NativeMethodAccessorImpl.invoke(NativeMethodAccessorImpl.java:62)
at sun.reflect.DelegatingMethodAccessorImpl.invoke(DelegatingMethodAccessorImpl.java:43)
at java.lang.reflect.Method.invoke(Method.java:498)
at org.testng.internal.MethodInvocationHelper.invokeMethod(MethodInvocationHelper.java:132)
at org.testng.internal.MethodInvocationHelper.invokeMethodConsideringTimeout(MethodInvocationHelper.java:61)
at org.testng.internal.ConfigInvoker.invokeConfigurationMethod(ConfigInvoker.java:366)
at org.testng.internal.ConfigInvoker.invokeConfigurations(ConfigInvoker.java:320)
at org.testng.internal.TestInvoker.runConfigMethods(TestInvoker.java:701)
at org.testng.internal.TestInvoker.invokeMethod(TestInvoker.java:527)
at org.testng.internal.TestInvoker.invokeTestMethod(TestInvoker.java:174)
at org.testng.internal.MethodRunner.runInSequence(MethodRunner.java:46)
at org.testng.internal.TestInvoker$MethodInvocationAgent.invoke(TestInvoker.java:822)
at org.testng.internal.TestInvoker.invokeTestMethods(TestInvoker.java:147)
at org.testng.internal.TestMethodWorker.invokeTestMethods(TestMethodWorker.java:146)
at org.testng.internal.TestMethodWorker.run(TestMethodWorker.java:128)
at java.util.concurrent.ThreadPoolExecutor.runWorker(ThreadPoolExecutor.java:1149)
at java.util.concurrent.ThreadPoolExecutor$Worker.run(ThreadPoolExecutor.java:624)
at java.lang.Thread.run(Thread.java:748)
]]>
    </error>
  </testcase> <!-- setUp -->
  <system-out/>
  <testcase name="setUp" time="0.249" classname="com.adjudication.test.viewclaims.capprofessional.batchtopay.MoveToSignedOffFromCAPPro">
    <error type="java.lang.NullPointerException">
      <![CDATA[java.lang.NullPointerException
at com.adjudication.utils.MyLogger.logError(MyLogger.java:31)
at com.adjudication.test.viewclaims.capprofessional.batchtopay.MoveToSignedOffFromCAPPro.setUp(MoveToSignedOffFromCAPPro.java:66)
at sun.reflect.NativeMethodAccessorImpl.invoke0(Native Method)
at sun.reflect.NativeMethodAccessorImpl.invoke(NativeMethodAccessorImpl.java:62)
at sun.reflect.DelegatingMethodAccessorImpl.invoke(DelegatingMethodAccessorImpl.java:43)
at java.lang.reflect.Method.invoke(Method.java:498)
at org.testng.internal.MethodInvocationHelper.invokeMethod(MethodInvocationHelper.java:132)
at org.testng.internal.MethodInvocationHelper.invokeMethodConsideringTimeout(MethodInvocationHelper.java:61)
at org.testng.internal.ConfigInvoker.invokeConfigurationMethod(ConfigInvoker.java:366)
at org.testng.internal.ConfigInvoker.invokeConfigurations(ConfigInvoker.java:320)
at org.testng.internal.TestInvoker.runConfigMethods(TestInvoker.java:701)
at org.testng.internal.TestInvoker.invokeMethod(TestInvoker.java:527)
at org.testng.internal.TestInvoker.invokeTestMethod(TestInvoker.java:174)
at org.testng.internal.MethodRunner.runInSequence(MethodRunner.java:46)
at org.testng.internal.TestInvoker$MethodInvocationAgent.invoke(TestInvoker.java:822)
at org.testng.internal.TestInvoker.invokeTestMethods(TestInvoker.java:147)
at org.testng.internal.TestMethodWorker.invokeTestMethods(TestMethodWorker.java:146)
at org.testng.internal.TestMethodWorker.run(TestMethodWorker.java:128)
at java.util.concurrent.ThreadPoolExecutor.runWorker(ThreadPoolExecutor.java:1149)
at java.util.concurrent.ThreadPoolExecutor$Worker.run(ThreadPoolExecutor.java:624)
at java.lang.Thread.run(Thread.java:748)
]]>
    </error>
  </testcase> <!-- setUp -->
  <system-out/>
  <testcase name="tearDown" time="0.000" classname="com.adjudication.test.viewclaims.capprofessional.batchtopay.MoveToSignedOffFromCAPPro">
    <error type="java.lang.NullPointerException">
      <![CDATA[java.lang.NullPointerException
at com.adjudication.base.TestBase.tearDown(TestBase.java:62)
at sun.reflect.NativeMethodAccessorImpl.invoke0(Native Method)
at sun.reflect.NativeMethodAccessorImpl.invoke(NativeMethodAccessorImpl.java:62)
at sun.reflect.DelegatingMethodAccessorImpl.invoke(DelegatingMethodAccessorImpl.java:43)
at java.lang.reflect.Method.invoke(Method.java:498)
at org.testng.internal.MethodInvocationHelper.invokeMethod(MethodInvocationHelper.java:132)
at org.testng.internal.MethodInvocationHelper.invokeMethodConsideringTimeout(MethodInvocationHelper.java:61)
at org.testng.internal.ConfigInvoker.invokeConfigurationMethod(ConfigInvoker.java:366)
at org.testng.internal.ConfigInvoker.invokeConfigurations(ConfigInvoker.java:320)
at org.testng.internal.TestInvoker.runConfigMethods(TestInvoker.java:701)
at org.testng.internal.TestInvoker.runAfterGroupsConfigurations(TestInvoker.java:677)
at org.testng.internal.TestInvoker.invokeMethod(TestInvoker.java:548)
at org.testng.internal.TestInvoker.invokeTestMethod(TestInvoker.java:174)
at org.testng.internal.MethodRunner.runInSequence(MethodRunner.java:46)
at org.testng.internal.TestInvoker$MethodInvocationAgent.invoke(TestInvoker.java:822)
at org.testng.internal.TestInvoker.invokeTestMethods(TestInvoker.java:147)
at org.testng.internal.TestMethodWorker.invokeTestMethods(TestMethodWorker.java:146)
at org.testng.internal.TestMethodWorker.run(TestMethodWorker.java:128)
at java.util.concurrent.ThreadPoolExecutor.runWorker(ThreadPoolExecutor.java:1149)
at java.util.concurrent.ThreadPoolExecutor$Worker.run(ThreadPoolExecutor.java:624)
at java.lang.Thread.run(Thread.java:748)
]]>
    </error>
  </testcase> <!-- tearDown -->
  <system-out/>
  <testcase name="moveToSignedOffFromBatchToPay" time="0.000" classname="com.adjudication.test.viewclaims.capprofessional.batchtopay.MoveToSignedOffFromCAPPro">
    <skipped/>
  </testcase> <!-- moveToSignedOffFromBatchToPay -->
  <system-out/>
  <testcase name="moveToSentForPaymentFromSignedOffCAPPro" time="0.000" classname="com.adjudication.test.viewclaims.capprofessional.batchtopay.MoveToSignedOffFromCAPPro">
    <skipped/>
  </testcase> <!-- moveToSentForPaymentFromSignedOffCAPPro -->
  <system-out/>
</testsuite> <!-- com.adjudication.test.viewclaims.capprofessional.batchtopay.MoveToSignedOffFromCAPPro -->
