<?xml version="1.0" encoding="UTF-8"?>
<!-- Generated by org.testng.reporters.JUnitReportReporter -->
<testsuite skipped="0" hostname="MIBLR-LP0015" name="com.adjudication.test.viewclaims.ffsprofessional.pend.ViewClaimsFromFFSProPendDeny" tests="2" failures="0" timestamp="2021-03-19T10:23:42 IST" time="129.261" errors="0">
  <testcase name="moveToApproveFromFFSProPendNegTC" time="74.180" classname="com.adjudication.test.viewclaims.ffsprofessional.pend.ViewClaimsFromFFSProPendDeny"/>
  <system-out/>
  <testcase name="moveToDenyFromFFSProPendPositiveTC" time="55.081" classname="com.adjudication.test.viewclaims.ffsprofessional.pend.ViewClaimsFromFFSProPendDeny"/>
  <system-out/>
</testsuite> <!-- com.adjudication.test.viewclaims.ffsprofessional.pend.ViewClaimsFromFFSProPendDeny -->
