<?xml version="1.0" encoding="UTF-8"?>
<!-- Generated by org.testng.reporters.JUnitReportReporter -->
<testsuite skipped="0" hostname="MIBLR-LP0015" name="com.adjudication.test.viewclaims.capprofessional.deny.DenyToPrebatchFromCAPProTest" tests="2" failures="0" timestamp="2021-04-07T17:10:21 IST" time="69.094" errors="0">
  <testcase name="tryToMovePrebatchPayFromDenyFromCAPPro" time="31.497" classname="com.adjudication.test.viewclaims.capprofessional.deny.DenyToPrebatchFromCAPProTest"/>
  <system-out/>
  <testcase name="tryToMovePrebatchDenyFromDenyFromCAPPro" time="37.597" classname="com.adjudication.test.viewclaims.capprofessional.deny.DenyToPrebatchFromCAPProTest"/>
  <system-out/>
</testsuite> <!-- com.adjudication.test.viewclaims.capprofessional.deny.DenyToPrebatchFromCAPProTest -->
