<?xml version="1.0" encoding="UTF-8"?>
<!-- Generated by org.testng.reporters.JUnitReportReporter -->
<testsuite skipped="0" hostname="MIBLR-LP0015" name="com.clamislite.test.logout.LogOutTest" tests="1" failures="0" timestamp="2021-03-04T21:16:52 IST" time="19.173" errors="0">
  <testcase name="logOutTest" time="19.173" classname="com.clamislite.test.logout.LogOutTest"/>
  <system-out/>
</testsuite> <!-- com.clamislite.test.logout.LogOutTest -->
