<?xml version="1.0" encoding="UTF-8"?>
<!-- Generated by org.testng.reporters.JUnitReportReporter -->
<testsuite skipped="0" hostname="MIBLR-LP0015" name="com.adjudication.test.viewclaims.ffsprofessional.pend.ViewClaimsFromFFSProDeny" tests="2" failures="0" timestamp="2021-04-15T14:49:49 IST" time="69.654" errors="0">
  <testcase name="moveToApproveFromFFSProPendNegTC" time="33.163" classname="com.adjudication.test.viewclaims.ffsprofessional.pend.ViewClaimsFromFFSProDeny"/>
  <system-out/>
  <testcase name="moveToDenyFromFFSProPendPositiveTC" time="36.491" classname="com.adjudication.test.viewclaims.ffsprofessional.pend.ViewClaimsFromFFSProDeny"/>
  <system-out/>
</testsuite> <!-- com.adjudication.test.viewclaims.ffsprofessional.pend.ViewClaimsFromFFSProDeny -->
