<?xml version="1.0" encoding="UTF-8"?>
<!-- Generated by org.testng.reporters.JUnitReportReporter -->
<testsuite skipped="0" hostname="MIBLR-LP0015" name="com.adjudication.test.viewclaims.capprofessional.pend.ViewClaimsFromCAPProPendDeny" tests="2" failures="0" timestamp="2021-03-26T19:51:25 IST" time="149.932" errors="0">
  <testcase name="moveToApproveFromCAPProPendNegTC" time="73.699" classname="com.adjudication.test.viewclaims.capprofessional.pend.ViewClaimsFromCAPProPendDeny"/>
  <system-out/>
  <testcase name="moveToDenyFromCAPProPendPositiveTC" time="76.233" classname="com.adjudication.test.viewclaims.capprofessional.pend.ViewClaimsFromCAPProPendDeny"/>
  <system-out/>
</testsuite> <!-- com.adjudication.test.viewclaims.capprofessional.pend.ViewClaimsFromCAPProPendDeny -->
