<?xml version="1.0" encoding="UTF-8"?>
<!-- Generated by org.testng.reporters.JUnitReportReporter -->
<testsuite skipped="0" hostname="MIBLR-LP0015" name="com.adjudication.test.viewclaims.dental.batchtopay.MoveToSignedOffFromDental" tests="2" failures="0" timestamp="2021-04-05T17:52:58 IST" time="110.960" errors="0">
  <testcase name="moveToSignedOffFromBatchToPay" time="47.422" classname="com.adjudication.test.viewclaims.dental.batchtopay.MoveToSignedOffFromDental"/>
  <system-out/>
  <testcase name="moveToSentForPaymentFromSignedOffDental" time="63.538" classname="com.adjudication.test.viewclaims.dental.batchtopay.MoveToSignedOffFromDental"/>
  <system-out/>
</testsuite> <!-- com.adjudication.test.viewclaims.dental.batchtopay.MoveToSignedOffFromDental -->
