<?xml version="1.0" encoding="UTF-8"?>
<!-- Generated by org.testng.reporters.JUnitReportReporter -->
<testsuite skipped="0" hostname="MIBLR-LP0015" name="com.adjudication.test.viewclaims.ffsinstitutional.prebatch.PreBatchToPendFromFFSInsti" tests="1" failures="0" timestamp="2021-04-07T19:02:51 IST" time="33.094" errors="0">
  <testcase name="moveToApprovedFromPrebatchPositiveTC" time="33.094" classname="com.adjudication.test.viewclaims.ffsinstitutional.prebatch.PreBatchToPendFromFFSInsti"/>
  <system-out/>
</testsuite> <!-- com.adjudication.test.viewclaims.ffsinstitutional.prebatch.PreBatchToPendFromFFSInsti -->
