<?xml version="1.0" encoding="UTF-8"?>
<!-- Generated by org.testng.reporters.JUnitReportReporter -->
<testsuite skipped="0" hostname="MIBLR-LP0015" name="com.adjudication.test.logout.LogOutTest" tests="1" failures="0" timestamp="2021-03-04T22:18:11 IST" time="29.836" errors="0">
  <testcase name="logOutTest" time="29.836" classname="com.adjudication.test.logout.LogOutTest"/>
  <system-out/>
</testsuite> <!-- com.adjudication.test.logout.LogOutTest -->
