<?xml version="1.0" encoding="UTF-8"?>
<!-- Generated by org.testng.reporters.JUnitReportReporter -->
<testsuite skipped="0" hostname="MIBLR-LP0015" name="com.adjudication.test.viewclaims.capinstitutional.pend.ViewClaimsFromCAPInstiPendDeny" tests="2" failures="0" timestamp="2021-03-19T10:23:42 IST" time="103.679" errors="0">
  <testcase name="moveToApproveFromCAPInstiPendNegTC" time="52.707" classname="com.adjudication.test.viewclaims.capinstitutional.pend.ViewClaimsFromCAPInstiPendDeny"/>
  <system-out/>
  <testcase name="moveToDenyFromFFSInstiPendPositiveTC" time="50.972" classname="com.adjudication.test.viewclaims.capinstitutional.pend.ViewClaimsFromCAPInstiPendDeny"/>
  <system-out/>
</testsuite> <!-- com.adjudication.test.viewclaims.capinstitutional.pend.ViewClaimsFromCAPInstiPendDeny -->
