<?xml version="1.0" encoding="UTF-8"?>
<!-- Generated by org.testng.reporters.JUnitReportReporter -->
<testsuite skipped="0" hostname="MIBLR-LP0015" name="com.adjudication.test.viewclaims.ffsprofessional.deny.DenyToPrebatchFromFFSProTest" tests="2" failures="0" timestamp="2021-04-07T17:03:19 IST" time="56.238" errors="0">
  <testcase name="tryToMoveDenyFromApprovedFromFFSPro" time="25.453" classname="com.adjudication.test.viewclaims.ffsprofessional.deny.DenyToPrebatchFromFFSProTest"/>
  <system-out/>
  <testcase name="tryToMovePrebatchFromApprovedFromFFSPro" time="30.785" classname="com.adjudication.test.viewclaims.ffsprofessional.deny.DenyToPrebatchFromFFSProTest"/>
  <system-out/>
</testsuite> <!-- com.adjudication.test.viewclaims.ffsprofessional.deny.DenyToPrebatchFromFFSProTest -->
