<?xml version="1.0" encoding="UTF-8"?>
<!-- Generated by org.testng.reporters.JUnitReportReporter -->
<testsuite skipped="0" hostname="MIBLR-LP0015" name="com.adjudication.test.viewclaims.ViewClaimsTest" tests="1" failures="0" timestamp="2021-03-19T20:28:12 IST" time="107.093" errors="0">
  <testcase name="checkPRInServiceDetailFromFFSPro" time="107.093" classname="com.adjudication.test.viewclaims.ViewClaimsTest"/>
  <system-out/>
</testsuite> <!-- com.adjudication.test.viewclaims.ViewClaimsTest -->
