<?xml version="1.0" encoding="UTF-8"?>
<!-- Generated by org.testng.reporters.JUnitReportReporter -->
<testsuite skipped="0" hostname="MIBLR-LP0015" name="com.adjudication.test.home.HomePageTest" tests="1" failures="0" timestamp="2021-03-05T15:28:22 IST" time="30.518" errors="0">
  <testcase name="navigateToClaimsLite" time="30.518" classname="com.adjudication.test.home.HomePageTest"/>
  <system-out/>
</testsuite> <!-- com.adjudication.test.home.HomePageTest -->
