<?xml version="1.0" encoding="UTF-8"?>
<!-- Generated by org.testng.reporters.JUnitReportReporter -->
<testsuite skipped="0" hostname="MIBLR-LP0015" name="com.adjudication.test.viewclaims.capprofessional.pend.ViewClaimsFromCAPProPend" tests="3" failures="0" timestamp="2021-03-26T19:51:25 IST" time="265.711" errors="0">
  <testcase name="moveToApproveFromCAPProPendNegTC" time="83.648" classname="com.adjudication.test.viewclaims.capprofessional.pend.ViewClaimsFromCAPProPend"/>
  <system-out/>
  <testcase name="moveToDenyFromCAPProPendPositiveTC" time="60.280" classname="com.adjudication.test.viewclaims.capprofessional.pend.ViewClaimsFromCAPProPend"/>
  <system-out/>
  <testcase name="checkPRInServiceDetailFromCAPPro" time="121.783" classname="com.adjudication.test.viewclaims.capprofessional.pend.ViewClaimsFromCAPProPend"/>
  <system-out/>
</testsuite> <!-- com.adjudication.test.viewclaims.capprofessional.pend.ViewClaimsFromCAPProPend -->
