<?xml version="1.0" encoding="UTF-8"?>
<!-- Generated by org.testng.reporters.JUnitReportReporter -->
<testsuite skipped="0" hostname="MIBLR-LP0015" name="com.adjudication.test.viewclaims.ffsinstitutional.prebatch.PreBatchToMgmtReviewFromFFSInsti" tests="1" failures="0" timestamp="2021-04-12T09:58:41 IST" time="30.725" errors="0">
  <testcase name="moveToApprovedFromPrebatchPositiveTC" time="30.725" classname="com.adjudication.test.viewclaims.ffsinstitutional.prebatch.PreBatchToMgmtReviewFromFFSInsti"/>
  <system-out/>
</testsuite> <!-- com.adjudication.test.viewclaims.ffsinstitutional.prebatch.PreBatchToMgmtReviewFromFFSInsti -->
