<?xml version="1.0" encoding="UTF-8"?>
<!-- Generated by org.testng.reporters.JUnitReportReporter -->
<testsuite skipped="0" hostname="MIBLR-LP0015" name="com.adjudication.test.viewclaims.ffsprofessional.prebatch.PreBatchToDeniedFromFFSPro" tests="2" failures="1" timestamp="2021-04-15T23:05:58 IST" time="127.802" errors="0">
  <testcase name="moveToDenyFromPrebatchNegTC" time="86.608" classname="com.adjudication.test.viewclaims.ffsprofessional.prebatch.PreBatchToDeniedFromFFSPro">
    <failure type="java.lang.AssertionError" message="Expected condition failed: waiting for presence of element located by: By.xpath: //table[@id=&#039;FFSApprovedQueTable&#039;]/thead/tr[2]/th (tried for 60 second(s) with 500 milliseconds interval)">
      <![CDATA[java.lang.AssertionError: Expected condition failed: waiting for presence of element located by: By.xpath: //table[@id='FFSApprovedQueTable']/thead/tr[2]/th (tried for 60 second(s) with 500 milliseconds interval)
at org.testng.Assert.fail(Assert.java:99)
at com.adjudication.test.viewclaims.ffsprofessional.prebatch.PreBatchToDeniedFromFFSPro.moveToDenyFromPrebatchNegTC(PreBatchToDeniedFromFFSPro.java:96)
at sun.reflect.NativeMethodAccessorImpl.invoke0(Native Method)
at sun.reflect.NativeMethodAccessorImpl.invoke(NativeMethodAccessorImpl.java:62)
at sun.reflect.DelegatingMethodAccessorImpl.invoke(DelegatingMethodAccessorImpl.java:43)
at java.lang.reflect.Method.invoke(Method.java:498)
at org.testng.internal.MethodInvocationHelper.invokeMethod(MethodInvocationHelper.java:132)
at org.testng.internal.TestInvoker.invokeMethod(TestInvoker.java:599)
at org.testng.internal.TestInvoker.invokeTestMethod(TestInvoker.java:174)
at org.testng.internal.MethodRunner.runInSequence(MethodRunner.java:46)
at org.testng.internal.TestInvoker$MethodInvocationAgent.invoke(TestInvoker.java:822)
at org.testng.internal.TestInvoker.invokeTestMethods(TestInvoker.java:147)
at org.testng.internal.TestMethodWorker.invokeTestMethods(TestMethodWorker.java:146)
at org.testng.internal.TestMethodWorker.run(TestMethodWorker.java:128)
at java.util.concurrent.ThreadPoolExecutor.runWorker(ThreadPoolExecutor.java:1149)
at java.util.concurrent.ThreadPoolExecutor$Worker.run(ThreadPoolExecutor.java:624)
at java.lang.Thread.run(Thread.java:748)
]]>
    </failure>
  </testcase> <!-- moveToDenyFromPrebatchNegTC -->
  <system-out/>
  <testcase name="moveToDenyFromPrebatchPositiveTC" time="41.194" classname="com.adjudication.test.viewclaims.ffsprofessional.prebatch.PreBatchToDeniedFromFFSPro"/>
  <system-out/>
</testsuite> <!-- com.adjudication.test.viewclaims.ffsprofessional.prebatch.PreBatchToDeniedFromFFSPro -->
