<?xml version="1.0" encoding="UTF-8"?>
<!-- Generated by org.testng.reporters.JUnitReportReporter -->
<testsuite skipped="0" hostname="MIBLR-LP0015" name="com.adjudication.test.viewclaims.ffsinstitutional.prebatch.PreBatchToPayFromFFSInsti" tests="1" failures="0" timestamp="2021-04-07T12:36:28 IST" time="33.899" errors="0">
  <testcase name="movePrebatchToPay" time="33.899" classname="com.adjudication.test.viewclaims.ffsinstitutional.prebatch.PreBatchToPayFromFFSInsti"/>
  <system-out/>
</testsuite> <!-- com.adjudication.test.viewclaims.ffsinstitutional.prebatch.PreBatchToPayFromFFSInsti -->
