<?xml version="1.0" encoding="UTF-8"?>
<!-- Generated by org.testng.reporters.JUnitReportReporter -->
<testsuite skipped="0" hostname="MIBLR-LP0015" name="com.adjudication.test.viewclaims.ffsprofessional.prebatch.PreBatchToMgntReviewFromFFSPro" tests="1" failures="0" timestamp="2021-04-12T09:49:19 IST" time="26.988" errors="0">
  <testcase name="moveToApprovedFromPrebatchPositiveTC" time="26.988" classname="com.adjudication.test.viewclaims.ffsprofessional.prebatch.PreBatchToMgntReviewFromFFSPro"/>
  <system-out/>
</testsuite> <!-- com.adjudication.test.viewclaims.ffsprofessional.prebatch.PreBatchToMgntReviewFromFFSPro -->
