<?xml version="1.0" encoding="UTF-8"?>
<!-- Generated by org.testng.reporters.JUnitReportReporter -->
<testsuite skipped="0" hostname="MIBLR-LP0015" name="com.adjudication.test.viewclaims.capprofessional.prebatch.PreBatchToPayFromCAPPro" tests="1" failures="0" timestamp="2021-04-07T12:33:08 IST" time="34.956" errors="0">
  <testcase name="movePrebatchToPay" time="34.956" classname="com.adjudication.test.viewclaims.capprofessional.prebatch.PreBatchToPayFromCAPPro"/>
  <system-out/>
</testsuite> <!-- com.adjudication.test.viewclaims.capprofessional.prebatch.PreBatchToPayFromCAPPro -->
