<?xml version="1.0" encoding="UTF-8"?>
<!-- Generated by org.testng.reporters.JUnitReportReporter -->
<testsuite skipped="0" hostname="MIBLR-LP0015" name="com.adjudication.test.viewclaims.ffsprofessional.pend.ViewClaimsFromFFSPend" tests="3" failures="0" timestamp="2021-03-15T16:37:57 IST" time="121.053" errors="0">
  <testcase name="SaveValiForApporvedStatusFromFFTProPendNegTC" time="42.793" classname="com.adjudication.test.viewclaims.ffsprofessional.pend.ViewClaimsFromFFSPend"/>
  <system-out/>
  <testcase name="SaveValiForDenyStatusFromFFTProPendNegTC" time="43.003" classname="com.adjudication.test.viewclaims.ffsprofessional.pend.ViewClaimsFromFFSPend"/>
  <system-out/>
  <testcase name="SaveValiForApporvedStatusFromFFTProPendPositiveTC" time="35.257" classname="com.adjudication.test.viewclaims.ffsprofessional.pend.ViewClaimsFromFFSPend"/>
  <system-out/>
</testsuite> <!-- com.adjudication.test.viewclaims.ffsprofessional.pend.ViewClaimsFromFFSPend -->
