<?xml version="1.0" encoding="UTF-8"?>
<!-- Generated by org.testng.reporters.JUnitReportReporter -->
<testsuite skipped="0" hostname="MIBLR-LP0015" name="com.adjudication.test.viewclaims.capinstitutional.prebatch.PreBatchToPayerReviewFromCAPInsti" tests="1" failures="0" timestamp="2021-04-12T09:33:22 IST" time="31.659" errors="0">
  <testcase name="moveToApprovedFromPrebatchPositiveTC" time="31.659" classname="com.adjudication.test.viewclaims.capinstitutional.prebatch.PreBatchToPayerReviewFromCAPInsti"/>
  <system-out/>
</testsuite> <!-- com.adjudication.test.viewclaims.capinstitutional.prebatch.PreBatchToPayerReviewFromCAPInsti -->
