<?xml version="1.0" encoding="UTF-8"?>
<!-- Generated by org.testng.reporters.JUnitReportReporter -->
<testsuite skipped="0" hostname="MIBLR-LP0015" name="com.adjudication.test.viewclaims.capinstitutional.prebatch.PreBatchToPendFromCAPInsti" tests="1" failures="0" timestamp="2021-04-07T19:31:02 IST" time="39.307" errors="0">
  <testcase name="moveToApprovedFromPrebatchPositiveTC" time="39.307" classname="com.adjudication.test.viewclaims.capinstitutional.prebatch.PreBatchToPendFromCAPInsti"/>
  <system-out/>
</testsuite> <!-- com.adjudication.test.viewclaims.capinstitutional.prebatch.PreBatchToPendFromCAPInsti -->
