<?xml version="1.0" encoding="UTF-8"?>
<!-- Generated by org.testng.reporters.JUnitReportReporter -->
<testsuite skipped="0" hostname="MIBLR-LP0015" name="com.adjudication.test.viewclaims.capinstitutional.batchtopay.MoveToEFTPaymentFromCAPInsti" tests="1" failures="0" timestamp="2021-04-07T15:29:40 IST" time="38.544" errors="0">
  <testcase name="moveToPaidFromEFTPaymentCAPInsti" time="38.544" classname="com.adjudication.test.viewclaims.capinstitutional.batchtopay.MoveToEFTPaymentFromCAPInsti"/>
  <system-out/>
</testsuite> <!-- com.adjudication.test.viewclaims.capinstitutional.batchtopay.MoveToEFTPaymentFromCAPInsti -->
