<?xml version="1.0" encoding="UTF-8"?>
<!-- Generated by org.testng.reporters.JUnitReportReporter -->
<testsuite skipped="0" hostname="MIBLR-LP0015" name="com.adjudication.test.viewclaims.capprofessional.approved.ApprovedToPrebatchFromCAPProTest" tests="1" failures="0" timestamp="2021-04-07T16:50:45 IST" time="49.622" errors="0">
  <testcase name="tryToMovePrebatchFromApprovedFromCAPPro" time="49.622" classname="com.adjudication.test.viewclaims.capprofessional.approved.ApprovedToPrebatchFromCAPProTest"/>
  <system-out/>
</testsuite> <!-- com.adjudication.test.viewclaims.capprofessional.approved.ApprovedToPrebatchFromCAPProTest -->
