<?xml version="1.0" encoding="UTF-8"?>
<!-- Generated by org.testng.reporters.JUnitReportReporter -->
<testsuite skipped="0" hostname="MIBLR-LP0015" name="com.adjudication.test.viewclaims.capprofessional.pend.ViewClaimsFromCAPPend" tests="3" failures="0" timestamp="2021-03-15T16:37:57 IST" time="125.628" errors="0">
  <testcase name="SaveValiForApporvedStatusFromCAPProPendNegTC" time="42.600" classname="com.adjudication.test.viewclaims.capprofessional.pend.ViewClaimsFromCAPPend"/>
  <system-out/>
  <testcase name="SaveValiForDenyStatusFromCAPProPendNegTC" time="41.790" classname="com.adjudication.test.viewclaims.capprofessional.pend.ViewClaimsFromCAPPend"/>
  <system-out/>
  <testcase name="SaveValiForApporvedStatusFromCApProPendPositiveTC" time="41.238" classname="com.adjudication.test.viewclaims.capprofessional.pend.ViewClaimsFromCAPPend"/>
  <system-out/>
</testsuite> <!-- com.adjudication.test.viewclaims.capprofessional.pend.ViewClaimsFromCAPPend -->
