<?xml version="1.0" encoding="UTF-8"?>
<!-- Generated by org.testng.reporters.JUnitReportReporter -->
<testsuite skipped="0" hostname="MIBLR-LP0015" name="com.adjudication.test.checkSoftAssertions" tests="1" failures="0" timestamp="2021-03-05T19:07:51 IST" time="0.010" errors="0">
  <testcase name="checkAssertions" time="0.010" classname="com.adjudication.test.checkSoftAssertions"/>
  <system-out/>
</testsuite> <!-- com.adjudication.test.checkSoftAssertions -->
