<?xml version="1.0" encoding="UTF-8"?>
<!-- Generated by org.testng.reporters.JUnitReportReporter -->
<testsuite skipped="0" hostname="MIBLR-LP0015" name="com.adjudication.test.ffsProfessional.FFSProPreBatchGridSearchTest" tests="1" failures="0" timestamp="2021-03-11T09:41:28 IST" time="183.020" errors="0">
  <testcase name="ffsProPreBatchGridSearchTest" time="183.020" classname="com.adjudication.test.ffsProfessional.FFSProPreBatchGridSearchTest"/>
  <system-out/>
</testsuite> <!-- com.adjudication.test.ffsProfessional.FFSProPreBatchGridSearchTest -->
