<?xml version="1.0" encoding="UTF-8"?>
<!-- Generated by org.testng.reporters.JUnitReportReporter -->
<testsuite skipped="0" hostname="MIBLR-LP0015" name="com.adjudication.test.viewclaims.capprofessional.prebatch.PreBatchToPendFromCAPPro" tests="1" failures="0" timestamp="2021-04-07T18:57:40 IST" time="38.155" errors="0">
  <testcase name="moveToApprovedFromPrebatchPositiveTC" time="38.155" classname="com.adjudication.test.viewclaims.capprofessional.prebatch.PreBatchToPendFromCAPPro"/>
  <system-out/>
</testsuite> <!-- com.adjudication.test.viewclaims.capprofessional.prebatch.PreBatchToPendFromCAPPro -->
