<?xml version="1.0" encoding="UTF-8"?>
<!-- Generated by org.testng.reporters.JUnitReportReporter -->
<testsuite skipped="0" hostname="MIBLR-LP0015" name="com.adjudication.test.viewclaims.capinstitutional.prebatch.PreBatchToMgmtReviewFromCAPInsti" tests="1" failures="0" timestamp="2021-04-12T10:01:22 IST" time="30.496" errors="0">
  <testcase name="moveToApprovedFromPrebatchPositiveTC" time="30.496" classname="com.adjudication.test.viewclaims.capinstitutional.prebatch.PreBatchToMgmtReviewFromCAPInsti"/>
  <system-out/>
</testsuite> <!-- com.adjudication.test.viewclaims.capinstitutional.prebatch.PreBatchToMgmtReviewFromCAPInsti -->
