<?xml version="1.0" encoding="UTF-8"?>
<!-- Generated by org.testng.reporters.JUnitReportReporter -->
<testsuite skipped="4" hostname="MIBLR-LP0015" name="com.adjudication.test.viewclaims.capprofessional.pend.ViewClaimsFromCAPProApproved" tests="5" failures="0" timestamp="2021-03-29T20:16:46 IST" time="0.331" errors="1">
  <testcase name="setUp" time="0.327" classname="com.adjudication.test.viewclaims.capprofessional.pend.ViewClaimsFromCAPProApproved">
    <error type="java.lang.NullPointerException">
      <![CDATA[java.lang.NullPointerException
at com.adjudication.utils.MyLogger.logError(MyLogger.java:29)
at com.adjudication.test.viewclaims.capprofessional.pend.ViewClaimsFromCAPProApproved.setUp(ViewClaimsFromCAPProApproved.java:79)
at sun.reflect.NativeMethodAccessorImpl.invoke0(Native Method)
at sun.reflect.NativeMethodAccessorImpl.invoke(NativeMethodAccessorImpl.java:62)
at sun.reflect.DelegatingMethodAccessorImpl.invoke(DelegatingMethodAccessorImpl.java:43)
at java.lang.reflect.Method.invoke(Method.java:498)
at org.testng.internal.MethodInvocationHelper.invokeMethod(MethodInvocationHelper.java:132)
at org.testng.internal.MethodInvocationHelper.invokeMethodConsideringTimeout(MethodInvocationHelper.java:61)
at org.testng.internal.ConfigInvoker.invokeConfigurationMethod(ConfigInvoker.java:366)
at org.testng.internal.ConfigInvoker.invokeConfigurations(ConfigInvoker.java:320)
at org.testng.internal.TestInvoker.runConfigMethods(TestInvoker.java:701)
at org.testng.internal.TestInvoker.invokeMethod(TestInvoker.java:527)
at org.testng.internal.TestInvoker.invokeTestMethod(TestInvoker.java:174)
at org.testng.internal.MethodRunner.runInSequence(MethodRunner.java:46)
at org.testng.internal.TestInvoker$MethodInvocationAgent.invoke(TestInvoker.java:822)
at org.testng.internal.TestInvoker.invokeTestMethods(TestInvoker.java:147)
at org.testng.internal.TestMethodWorker.invokeTestMethods(TestMethodWorker.java:146)
at org.testng.internal.TestMethodWorker.run(TestMethodWorker.java:128)
at java.util.ArrayList.forEach(ArrayList.java:1259)
at org.testng.TestRunner.privateRun(TestRunner.java:764)
at org.testng.TestRunner.run(TestRunner.java:585)
at org.testng.SuiteRunner.runTest(SuiteRunner.java:384)
at org.testng.SuiteRunner.runSequentially(SuiteRunner.java:378)
at org.testng.SuiteRunner.privateRun(SuiteRunner.java:337)
at org.testng.SuiteRunner.run(SuiteRunner.java:286)
at org.testng.SuiteRunnerWorker.runSuite(SuiteRunnerWorker.java:53)
at org.testng.SuiteRunnerWorker.run(SuiteRunnerWorker.java:96)
at org.testng.TestNG.runSuitesSequentially(TestNG.java:1218)
at org.testng.TestNG.runSuitesLocally(TestNG.java:1140)
at org.testng.TestNG.runSuites(TestNG.java:1069)
at org.testng.TestNG.run(TestNG.java:1037)
at org.testng.remote.AbstractRemoteTestNG.run(AbstractRemoteTestNG.java:115)
at org.testng.remote.RemoteTestNG.initAndRun(RemoteTestNG.java:251)
at org.testng.remote.RemoteTestNG.main(RemoteTestNG.java:77)
]]>
    </error>
  </testcase> <!-- setUp -->
  <system-out/>
  <testcase name="SaveValiForApporvedStatusFromCAPProPendNegTC" time="0.002" classname="com.adjudication.test.viewclaims.capprofessional.pend.ViewClaimsFromCAPProApproved">
    <skipped/>
  </testcase> <!-- SaveValiForApporvedStatusFromCAPProPendNegTC -->
  <system-out/>
  <testcase name="SaveValiForDenyStatusFromCAPProPendNegTC" time="0.002" classname="com.adjudication.test.viewclaims.capprofessional.pend.ViewClaimsFromCAPProApproved">
    <skipped/>
  </testcase> <!-- SaveValiForDenyStatusFromCAPProPendNegTC -->
  <system-out/>
  <testcase name="moveToDenyFromCAPProPendNegTC" time="0.000" classname="com.adjudication.test.viewclaims.capprofessional.pend.ViewClaimsFromCAPProApproved">
    <skipped/>
  </testcase> <!-- moveToDenyFromCAPProPendNegTC -->
  <system-out/>
  <testcase name="moveToApproveFromCAPProPendNegTC" time="0.000" classname="com.adjudication.test.viewclaims.capprofessional.pend.ViewClaimsFromCAPProApproved">
    <skipped/>
  </testcase> <!-- moveToApproveFromCAPProPendNegTC -->
  <system-out/>
</testsuite> <!-- com.adjudication.test.viewclaims.capprofessional.pend.ViewClaimsFromCAPProApproved -->
