<?xml version="1.0" encoding="UTF-8"?>
<!-- Generated by org.testng.reporters.JUnitReportReporter -->
<testsuite skipped="0" hostname="MIBLR-LP0015" name="com.clamislite.test.login.LoginTest" tests="1" failures="0" timestamp="2021-03-03T20:03:00 IST" time="20.615" errors="0">
  <testcase name="loginWithValidCred" time="20.615" classname="com.clamislite.test.login.LoginTest"/>
  <system-out/>
</testsuite> <!-- com.clamislite.test.login.LoginTest -->
