<?xml version="1.0" encoding="UTF-8"?>
<!-- Generated by org.testng.reporters.JUnitReportReporter -->
<testsuite skipped="0" hostname="MIBLR-LP0015" name="claimslite.Testexe" tests="1" failures="0" timestamp="2021-03-03T20:03:00 IST" time="7.552" errors="0">
  <testcase name="check" time="7.552" classname="claimslite.Testexe"/>
  <system-out/>
</testsuite> <!-- claimslite.Testexe -->
